
> poisa-pos@1.0.0 build:win
> vite build && electron-builder --win

npm : [33mThe CJS build of Vite's Node 
API is deprecated. See https://vite.dev/gui
de/troubleshooting.html#vite-cjs-node-api-d
eprecated for more details.[39m
At line:1 char:1
+ npm run build:win > build.log 2>&1
+ ~~~~~~~~~~~~~~~~~~~~~~~~~~~~~~~~~~
    + CategoryInfo          : NotSpecified 
   : ([33mThe CJS bu...e details.[39m:S  
  tring) [], RemoteException
    + FullyQualifiedErrorId : NativeComman 
   dError
 
[36mvite v6.4.1 [32mbuilding for production...[36m[39m
transforming...
[32mΓ£ô[39m 2462 modules transformed.
rendering chunks...
computing gzip size...
[2mdist/[22m[32mindex.html                          [39m[1m[2m    0.75 kB[22m[1m[22m[2m Γöé gzip:   0.43 kB[22m
[2mdist/[22m[35massets/index-Do8rBddg.css           [39m[1m[2m   20.41 kB[22m[1m[22m[2m Γöé gzip:   4.41 kB[22m
[2mdist/[22m[36massets/purify.es-C_uT9hQ1.js        [39m[1m[2m   21.98 kB[22m[1m[22m[2m Γöé gzip:   8.74 kB[22m
[2mdist/[22m[36massets/index.es-BBRUbBF3.js         [39m[1m[2m  159.38 kB[22m[1m[22m[2m Γöé gzip:  53.43 kB[22m
[2mdist/[22m[36massets/html2canvas.esm-QH1iLAAe.js  [39m[1m[2m  202.38 kB[22m[1m[22m[2m Γöé gzip:  48.04 kB[22m
[2mdist/[22m[36massets/index-D-XEyNyt.js            [39m[1m[33m1,120.43 kB[39m[22m[2m Γöé gzip: 336.21 kB[22m
[33m
(!) Some chunks are larger than 500 kB 
after minification. Consider:
- Using dynamic import() to code-split the 
application
- Use 
build.rollupOptions.output.manualChunks to 
improve chunking: https://rollupjs.org/conf
iguration-options/#output-manualchunks
- Adjust chunk size limit for this warning 
via build.chunkSizeWarningLimit.[39m
[32mΓ£ô built in 14.23s[39m
  ΓÇó electron-builder  version=25.1.8 os=10.0.26200
  ΓÇó loaded configuration  file=package.json ("build" field)
  ΓÇó executing @electron/rebuild  electronVersion=34.5.8 arch=x64 buildFromSource=false appDir=./
  ΓÇó installing native dependencies  arch=x64
  ΓÇó preparing       moduleName=better-sqlite3 arch=x64
  ΓÇó finished        moduleName=better-sqlite3 arch=x64
  ΓÇó completed installing native dependencies
  ΓÇó packaging       platform=win32 arch=x64 electron=34.5.8 appOutDir=dist\win-unpacked
  ΓÇó updating asar integrity executable resource  executablePath=dist\win-unpacked\POISA POS.exe
  ΓÇó default Electron icon is used  reason=application icon is not set
  ΓÇó downloading     url=https://github.com/electron-userland/electron-builder-binaries/releases/download/winCodeSign-2.6.0/winCodeSign-2.6.0.7z size=5.6 MB parts=1
  ΓÇó downloaded      url=https://github.com/electron-userland/electron-builder-binaries/releases/download/winCodeSign-2.6.0/winCodeSign-2.6.0.7z duration=1.323s
  Γ¿» cannot execute  cause=exit status 2
                    out=
    7-Zip (a) 21.07 (x64) : Copyright (c) 1999-2021 Igor Pavlov : 2021-12-26
    
    Scanning the drive for archives:
    1 file, 5635384 bytes (5504 KiB)
    
    Extracting archive: C:\Users\nkgau\AppData\Local\electron-builder\Cache\winCodeSign\290178959.7z
    --
    Path = C:\Users\nkgau\AppData\Local\electron-builder\Cache\winCodeSign\290178959.7z
    Type = 7z
    Physical Size = 5635384
    Headers Size = 1492
    Method = LZMA2:24m LZMA:20 BCJ2
    Solid = +
    Blocks = 2
    
    
    Sub items Errors: 2
    
    Archives with Errors: 1
    
    Sub items Errors: 2
    
                    errorOut=ERROR: Cannot create symbolic link : A required privilege is not held by the client. : C:\Users\nkgau\AppData\Local\electron-builder\Cache\winCodeSign\290178959\darwin\10.12\lib\libcrypto.dylib
    ERROR: Cannot create symbolic link : A required privilege is not held by the client. : C:\Users\nkgau\AppData\Local\electron-builder\Cache\winCodeSign\290178959\darwin\10.12\lib\libssl.dylib
    
                    command='C:\Users\nkgau\Documents\Projects\POISA\node_modules\7zip-bin\win\x64\7za.exe' x -snld -bd 'C:\Users\nkgau\AppData\Local\electron-builder\Cache\winCodeSign\290178959.7z' '-oC:\Users\nkgau\AppData\Local\electron-builder\Cache\winCodeSign\290178959'
                    workingDir=C:\Users\nkgau\AppData\Local\electron-builder\Cache\winCodeSign
  ΓÇó Above command failed, retrying 3 more times
  ΓÇó downloading     url=https://github.com/electron-userland/electron-builder-binaries/releases/download/winCodeSign-2.6.0/winCodeSign-2.6.0.7z size=5.6 MB parts=1
  ΓÇó downloaded      url=https://github.com/electron-userland/electron-builder-binaries/releases/download/winCodeSign-2.6.0/winCodeSign-2.6.0.7z duration=1.049s
  Γ¿» cannot execute  cause=exit status 2
                    out=
    7-Zip (a) 21.07 (x64) : Copyright (c) 1999-2021 Igor Pavlov : 2021-12-26
    
    Scanning the drive for archives:
    1 file, 5635384 bytes (5504 KiB)
    
    Extracting archive: C:\Users\nkgau\AppData\Local\electron-builder\Cache\winCodeSign\676978135.7z
    --
    Path = C:\Users\nkgau\AppData\Local\electron-builder\Cache\winCodeSign\676978135.7z
    Type = 7z
    Physical Size = 5635384
    Headers Size = 1492
    Method = LZMA2:24m LZMA:20 BCJ2
    Solid = +
    Blocks = 2
    
    
    Sub items Errors: 2
    
    Archives with Errors: 1
    
    Sub items Errors: 2
    
                    errorOut=ERROR: Cannot create symbolic link : A required privilege is not held by the client. : C:\Users\nkgau\AppData\Local\electron-builder\Cache\winCodeSign\676978135\darwin\10.12\lib\libcrypto.dylib
    ERROR: Cannot create symbolic link : A required privilege is not held by the client. : C:\Users\nkgau\AppData\Local\electron-builder\Cache\winCodeSign\676978135\darwin\10.12\lib\libssl.dylib
    
                    command='C:\Users\nkgau\Documents\Projects\POISA\node_modules\7zip-bin\win\x64\7za.exe' x -snld -bd 'C:\Users\nkgau\AppData\Local\electron-builder\Cache\winCodeSign\676978135.7z' '-oC:\Users\nkgau\AppData\Local\electron-builder\Cache\winCodeSign\676978135'
                    workingDir=C:\Users\nkgau\AppData\Local\electron-builder\Cache\winCodeSign
  ΓÇó Above command failed, retrying 3 more times
  ΓÇó downloading     url=https://github.com/electron-userland/electron-builder-binaries/releases/download/winCodeSign-2.6.0/winCodeSign-2.6.0.7z size=5.6 MB parts=1
  ΓÇó downloaded      url=https://github.com/electron-userland/electron-builder-binaries/releases/download/winCodeSign-2.6.0/winCodeSign-2.6.0.7z duration=753ms
  Γ¿» cannot execute  cause=exit status 2
                    out=
    7-Zip (a) 21.07 (x64) : Copyright (c) 1999-2021 Igor Pavlov : 2021-12-26
    
    Scanning the drive for archives:
    1 file, 5635384 bytes (5504 KiB)
    
    Extracting archive: C:\Users\nkgau\AppData\Local\electron-builder\Cache\winCodeSign\167005027.7z
    --
    Path = C:\Users\nkgau\AppData\Local\electron-builder\Cache\winCodeSign\167005027.7z
    Type = 7z
    Physical Size = 5635384
    Headers Size = 1492
    Method = LZMA2:24m LZMA:20 BCJ2
    Solid = +
    Blocks = 2
    
    
    Sub items Errors: 2
    
    Archives with Errors: 1
    
    Sub items Errors: 2
    
                    errorOut=ERROR: Cannot create symbolic link : A required privilege is not held by the client. : C:\Users\nkgau\AppData\Local\electron-builder\Cache\winCodeSign\167005027\darwin\10.12\lib\libcrypto.dylib
    ERROR: Cannot create symbolic link : A required privilege is not held by the client. : C:\Users\nkgau\AppData\Local\electron-builder\Cache\winCodeSign\167005027\darwin\10.12\lib\libssl.dylib
    
                    command='C:\Users\nkgau\Documents\Projects\POISA\node_modules\7zip-bin\win\x64\7za.exe' x -snld -bd 'C:\Users\nkgau\AppData\Local\electron-builder\Cache\winCodeSign\167005027.7z' '-oC:\Users\nkgau\AppData\Local\electron-builder\Cache\winCodeSign\167005027'
                    workingDir=C:\Users\nkgau\AppData\Local\electron-builder\Cache\winCodeSign
  ΓÇó Above command failed, retrying 3 more times
  ΓÇó downloading     url=https://github.com/electron-userland/electron-builder-binaries/releases/download/winCodeSign-2.6.0/winCodeSign-2.6.0.7z size=5.6 MB parts=1
  ΓÇó downloaded      url=https://github.com/electron-userland/electron-builder-binaries/releases/download/winCodeSign-2.6.0/winCodeSign-2.6.0.7z duration=967ms
  Γ¿» cannot execute  cause=exit status 2
                    out=
    7-Zip (a) 21.07 (x64) : Copyright (c) 1999-2021 Igor Pavlov : 2021-12-26
    
    Scanning the drive for archives:
    1 file, 5635384 bytes (5504 KiB)
    
    Extracting archive: C:\Users\nkgau\AppData\Local\electron-builder\Cache\winCodeSign\712965535.7z
    --
    Path = C:\Users\nkgau\AppData\Local\electron-builder\Cache\winCodeSign\712965535.7z
    Type = 7z
    Physical Size = 5635384
    Headers Size = 1492
    Method = LZMA2:24m LZMA:20 BCJ2
    Solid = +
    Blocks = 2
    
    
    Sub items Errors: 2
    
    Archives with Errors: 1
    
    Sub items Errors: 2
    
                    errorOut=ERROR: Cannot create symbolic link : A required privilege is not held by the client. : C:\Users\nkgau\AppData\Local\electron-builder\Cache\winCodeSign\712965535\darwin\10.12\lib\libcrypto.dylib
    ERROR: Cannot create symbolic link : A required privilege is not held by the client. : C:\Users\nkgau\AppData\Local\electron-builder\Cache\winCodeSign\712965535\darwin\10.12\lib\libssl.dylib
    
                    command='C:\Users\nkgau\Documents\Projects\POISA\node_modules\7zip-bin\win\x64\7za.exe' x -snld -bd 'C:\Users\nkgau\AppData\Local\electron-builder\Cache\winCodeSign\712965535.7z' '-oC:\Users\nkgau\AppData\Local\electron-builder\Cache\winCodeSign\712965535'
                    workingDir=C:\Users\nkgau\AppData\Local\electron-builder\Cache\winCodeSign
  ΓÇó Above command failed, retrying 3 more times
